<?xml version="1.0" encoding="UTF-8"?>
<!-- Generated by org.testng.reporters.JUnitXMLReporter -->
<testsuite ignored="3" hostname="Aney" failures="0" tests="1" name="Test" time="33.83" errors="0" timestamp="2023-03-29T16:32:51 IST">
  <testcase classname="testNG.CategoryToPaymentTest" name="payment" time="2.267"/>
  <testcase classname="com.GenericUtilities.BaseClass" name="@AfterSuite configAS" time="0.0">
    <ignored/>
  </testcase> <!-- @AfterSuite configAS -->
  <testcase classname="testNG.User_SearchToPayment" name="checkOut" time="0.0">
    <ignored/>
  </testcase> <!-- checkOut -->
  <testcase classname="com.GenericUtilities.BaseClass" name="@BeforeSuite configBS" time="0.0">
    <ignored/>
  </testcase> <!-- @BeforeSuite configBS -->
</testsuite> <!-- Test -->
