<?xml version="1.0" encoding="UTF-8"?>
<testng-results ignored="0" total="2" passed="2" failed="0" skipped="0">
  <reporter-output>
  </reporter-output>
  <suite started-at="2023-03-29T17:25:40 IST" name="Default suite" finished-at="2023-03-29T17:25:40 IST" duration-ms="911">
    <groups>
    </groups>
    <test started-at="2023-03-29T17:25:40 IST" name="Default test" finished-at="2023-03-29T17:25:40 IST" duration-ms="911">
      <class name="Practice_Package.DataProviderFromotherClass">
        <test-method signature="dataPro(java.lang.String,java.lang.String,java.lang.String)[pri:0, instance:Practice_Package.DataProviderFromotherClass@1622f1b]" started-at="2023-03-29T17:25:40 IST" name="dataPro" data-provider="getData" finished-at="2023-03-29T17:25:40 IST" duration-ms="9" status="PASS">
          <params>
            <param index="0">
              <value>
                <![CDATA[Aney]]>
              </value>
            </param>
            <param index="1">
              <value>
                <![CDATA[Testyantra28]]>
              </value>
            </param>
            <param index="2">
              <value>
                <![CDATA[28]]>
              </value>
            </param>
          </params>
          <reporter-output>
          </reporter-output>
        </test-method> <!-- dataPro -->
        <test-method signature="dataPro(java.lang.String,java.lang.String,java.lang.String)[pri:0, instance:Practice_Package.DataProviderFromotherClass@1622f1b]" started-at="2023-03-29T17:25:40 IST" name="dataPro" data-provider="getData" finished-at="2023-03-29T17:25:40 IST" duration-ms="1" status="PASS">
          <params>
            <param index="0">
              <value>
                <![CDATA[Alwin]]>
              </value>
            </param>
            <param index="1">
              <value>
                <![CDATA[Samsung]]>
              </value>
            </param>
            <param index="2">
              <value>
                <![CDATA[29]]>
              </value>
            </param>
          </params>
          <reporter-output>
          </reporter-output>
        </test-method> <!-- dataPro -->
      </class> <!-- Practice_Package.DataProviderFromotherClass -->
    </test> <!-- Default test -->
  </suite> <!-- Default suite -->
</testng-results>
